# JRE version: OpenJDK Runtime Environment OpenLogic-OpenJDK (17.0.11+9) (build 17.0.11+9-adhoc..jdk17u)
# Java VM: OpenJDK 64-Bit Server VM OpenLogic-OpenJDK (17.0.11+9-adhoc..jdk17u, mixed mode, sharing, tiered, compressed oops, compressed class ptrs, g1 gc, windows-amd64)
GC Precious Log:
 CPUs: 12 total, 12 available
 Memory: 3424M
 Large Page Support: Disabled
 NUMA Support: Disabled
 Compressed Oops: Enabled (32-bit)
 Heap Region Size: 1M
 Heap Min Capacity: 8M
 Heap Initial Capacity: 54M
 Heap Max Capacity: 2G
 Pre-touch: Disabled
 Parallel Workers: 10
 Concurrent Workers: 3
 Concurrent Refinement Workers: 10
 Periodic GC: Disabled
Heap:
 garbage-first heap   total 252928K, used 168369K [0x0000000080000000, 0x0000000100000000)
  region size 1024K, 6 young (6144K), 6 survivors (6144K)
 Metaspace       used 97724K, committed 98880K, reserved 557056K
  class space    used 13755K, committed 14272K, reserved 425984K
GC Heap History (20 events):
Event: 39.863 GC heap after
{Heap after GC invocations=46 (full 0):
 garbage-first heap   total 245760K, used 87757K [0x0000000080000000, 0x0000000100000000)
  region size 1024K, 16 young (16384K), 16 survivors (16384K)
 Metaspace       used 70871K, committed 71552K, reserved 491520K
  class space    used 10044K, committed 10368K, reserved 425984K
}
Event: 39.882 GC heap before
{Heap before GC invocations=46 (full 0):
 garbage-first heap   total 245760K, used 87757K [0x0000000080000000, 0x0000000100000000)
  region size 1024K, 17 young (17408K), 16 survivors (16384K)
 Metaspace       used 70948K, committed 71616K, reserved 491520K
  class space    used 10058K, committed 10368K, reserved 425984K
}
Event: 39.933 GC heap after
{Heap after GC invocations=47 (full 0):
 garbage-first heap   total 245760K, used 89320K [0x0000000080000000, 0x0000000100000000)
  region size 1024K, 2 young (2048K), 2 survivors (2048K)
 Metaspace       used 70948K, committed 71616K, reserved 491520K
  class space    used 10058K, committed 10368K, reserved 425984K
}
Event: 41.362 GC heap before
{Heap before GC invocations=47 (full 0):
 garbage-first heap   total 245760K, used 182504K [0x0000000080000000, 0x0000000100000000)
  region size 1024K, 87 young (89088K), 2 survivors (2048K)
 Metaspace       used 77384K, committed 78144K, reserved 557056K
  class space    used 10838K, committed 11200K, reserved 425984K
}
Event: 41.368 GC heap after
{Heap after GC invocations=48 (full 0):
 garbage-first heap   total 245760K, used 94928K [0x0000000080000000, 0x0000000100000000)
  region size 1024K, 7 young (7168K), 7 survivors (7168K)
 Metaspace       used 77384K, committed 78144K, reserved 557056K
  class space    used 10838K, committed 11200K, reserved 425984K
}
Event: 43.169 GC heap before
{Heap before GC invocations=48 (full 0):
 garbage-first heap   total 245760K, used 182992K [0x0000000080000000, 0x0000000100000000)
  region size 1024K, 93 young (95232K), 7 survivors (7168K)
 Metaspace       used 82833K, committed 83648K, reserved 557056K
  class space    used 11587K, committed 11968K, reserved 425984K
}
Event: 43.184 GC heap after
{Heap after GC invocations=49 (full 0):
 garbage-first heap   total 245760K, used 98670K [0x0000000080000000, 0x0000000100000000)
  region size 1024K, 4 young (4096K), 4 survivors (4096K)
 Metaspace       used 82833K, committed 83648K, reserved 557056K
  class space    used 11587K, committed 11968K, reserved 425984K
}
Event: 57.091 GC heap before
{Heap before GC invocations=49 (full 0):
 garbage-first heap   total 245760K, used 192878K [0x0000000080000000, 0x0000000100000000)
  region size 1024K, 95 young (97280K), 4 survivors (4096K)
 Metaspace       used 87400K, committed 88192K, reserved 557056K
  class space    used 12271K, committed 12672K, reserved 425984K
}
Event: 57.209 GC heap after
{Heap after GC invocations=50 (full 0):
 garbage-first heap   total 245760K, used 103547K [0x0000000080000000, 0x0000000100000000)
  region size 1024K, 9 young (9216K), 9 survivors (9216K)
 Metaspace       used 87400K, committed 88192K, reserved 557056K
  class space    used 12271K, committed 12672K, reserved 425984K
}
Event: 61.993 GC heap before
{Heap before GC invocations=50 (full 0):
 garbage-first heap   total 245760K, used 194683K [0x0000000080000000, 0x0000000100000000)
  region size 1024K, 98 young (100352K), 9 survivors (9216K)
 Metaspace       used 92534K, committed 93376K, reserved 557056K
  class space    used 13079K, committed 13504K, reserved 425984K
}
Event: 62.024 GC heap after
{Heap after GC invocations=51 (full 0):
 garbage-first heap   total 245760K, used 109462K [0x0000000080000000, 0x0000000100000000)
  region size 1024K, 11 young (11264K), 11 survivors (11264K)
 Metaspace       used 92534K, committed 93376K, reserved 557056K
  class space    used 13079K, committed 13504K, reserved 425984K
}
Event: 67.255 GC heap before
{Heap before GC invocations=51 (full 0):
 garbage-first heap   total 245760K, used 198550K [0x0000000080000000, 0x0000000100000000)
  region size 1024K, 97 young (99328K), 11 survivors (11264K)
 Metaspace       used 96223K, committed 97216K, reserved 557056K
  class space    used 13572K, committed 14016K, reserved 425984K
}
Event: 67.400 GC heap after
{Heap after GC invocations=52 (full 0):
 garbage-first heap   total 245760K, used 128358K [0x0000000080000000, 0x0000000100000000)
  region size 1024K, 13 young (13312K), 13 survivors (13312K)
 Metaspace       used 96223K, committed 97216K, reserved 557056K
  class space    used 13572K, committed 14016K, reserved 425984K
}
Event: 68.873 GC heap before
{Heap before GC invocations=52 (full 0):
 garbage-first heap   total 245760K, used 151910K [0x0000000080000000, 0x0000000100000000)
  region size 1024K, 38 young (38912K), 13 survivors (13312K)
 Metaspace       used 96524K, committed 97472K, reserved 557056K
  class space    used 13585K, committed 14016K, reserved 425984K
}
Event: 68.927 GC heap after
{Heap after GC invocations=53 (full 0):
 garbage-first heap   total 245760K, used 135437K [0x0000000080000000, 0x0000000100000000)
  region size 1024K, 6 young (6144K), 6 survivors (6144K)
 Metaspace       used 96524K, committed 97472K, reserved 557056K
  class space    used 13585K, committed 14016K, reserved 425984K
}
Event: 72.158 GC heap before
{Heap before GC invocations=54 (full 0):
 garbage-first heap   total 247808K, used 195853K [0x0000000080000000, 0x0000000100000000)
  region size 1024K, 61 young (62464K), 6 survivors (6144K)
 Metaspace       used 97303K, committed 98432K, reserved 557056K
  class space    used 13699K, committed 14208K, reserved 425984K
}
Event: 72.282 GC heap after
{Heap after GC invocations=55 (full 0):
 garbage-first heap   total 247808K, used 156276K [0x0000000080000000, 0x0000000100000000)
  region size 1024K, 8 young (8192K), 8 survivors (8192K)
 Metaspace       used 97303K, committed 98432K, reserved 557056K
  class space    used 13699K, committed 14208K, reserved 425984K
}
Event: 72.541 GC heap before
{Heap before GC invocations=55 (full 0):
 garbage-first heap   total 247808K, used 160372K [0x0000000080000000, 0x0000000100000000)
  region size 1024K, 12 young (12288K), 8 survivors (8192K)
 Metaspace       used 97425K, committed 98560K, reserved 557056K
  class space    used 13719K, committed 14208K, reserved 425984K
}
Event: 72.587 GC heap after
{Heap after GC invocations=56 (full 0):
 garbage-first heap   total 247808K, used 157656K [0x0000000080000000, 0x0000000100000000)
  region size 1024K, 2 young (2048K), 2 survivors (2048K)
 Metaspace       used 97425K, committed 98560K, reserved 557056K
  class space    used 13719K, committed 14208K, reserved 425984K
}
Event: 75.839 GC heap before
{Heap before GC invocations=56 (full 0):
 garbage-first heap   total 247808K, used 199640K [0x0000000080000000, 0x0000000100000000)
  region size 1024K, 41 young (41984K), 2 survivors (2048K)
 Metaspace       used 97724K, committed 98880K, reserved 557056K
  class space    used 13755K, committed 14272K, reserved 425984K
}

